2013/07/31 15:40:45 [error] [php] mkdir(): Permission denied (/vagrant/yiiApp/framework/utils/CFileHelper.php:287)
Stack trace:
#0 /vagrant/yiiApp/framework/utils/CFileHelper.php(136): copyDirectoryRecursive()
#1 /vagrant/yiiApp/framework/utils/CFileHelper.php(63): copyDirectoryRecursive()
#2 /vagrant/yiiApp/framework/web/CAssetManager.php(251): copyDirectory()
#3 /vagrant/yiiApp/framework/web/CClientScript.php(462): CAssetManager->publish()
#4 /vagrant/yiiApp/framework/web/CClientScript.php(499): CClientScript->getCoreScriptUrl()
#5 /vagrant/yiiApp/framework/web/CClientScript.php(315): CClientScript->getPackageBaseUrl()
#6 /vagrant/yiiApp/framework/web/CClientScript.php(208): CClientScript->renderCoreScripts()
#7 /vagrant/yiiApp/framework/web/CController.php(351): CClientScript->render()
#8 /vagrant/yiiApp/framework/web/CController.php(788): SiteController->processOutput()
#9 /vagrant/yiiApp/yiiApp/protected/controllers/SiteController.php(72): SiteController->render()
#10 /vagrant/yiiApp/framework/web/actions/CInlineAction.php(49): SiteController->actionContact()
#11 /vagrant/yiiApp/framework/web/CController.php(308): CInlineAction->runWithParams()
#12 /vagrant/yiiApp/framework/web/CController.php(286): SiteController->runAction()
#13 /vagrant/yiiApp/framework/web/CController.php(265): SiteController->runActionWithFilters()
#14 /vagrant/yiiApp/framework/web/CWebApplication.php(282): SiteController->run()
#15 /vagrant/yiiApp/framework/web/CWebApplication.php(141): CWebApplication->runController()
#16 /vagrant/yiiApp/framework/base/CApplication.php(169): CWebApplication->processRequest()
#17 /vagrant/yiiApp/yiiApp/index.php(13): CWebApplication->run()
REQUEST_URI=/yiiApp/yiiApp/index.php?r=site/contact
in /vagrant/yiiApp/yiiApp/protected/controllers/SiteController.php (72)
in /vagrant/yiiApp/yiiApp/index.php (13)
